<?xml version="1.0" encoding="UTF-8"?>
<!-- Generated by org.testng.reporters.JUnitReportReporter -->
<testsuite skipped="0" hostname="ip-172-31-86-233" name="testNg.Testcase2" tests="2" failures="0" timestamp="2021-10-28T06:55:02 UTC" time="0.012" errors="0">
  <testcase name="CCTest" time="0.010" classname="testNg.Testcase2"/>
  <system-out/>
  <testcase name="CreditCardTest" time="0.002" classname="testNg.Testcase2"/>
  <system-out/>
</testsuite> <!-- testNg.Testcase2 -->
