<?xml version="1.0" encoding="UTF-8"?>
<!-- Generated by org.testng.reporters.JUnitReportReporter -->
<testsuite skipped="0" hostname="ip-172-31-86-233" name="test.Testcase1" tests="3" failures="0" timestamp="2021-10-25T07:29:32 UTC" time="0.013" errors="0">
  <testcase name="CarLoanTest" time="0.006" classname="test.Testcase1"/>
  <system-out/>
  <testcase name="HomeLoanTest1" time="0.003" classname="test.Testcase1"/>
  <system-out/>
  <testcase name="HomeLoanTest" time="0.004" classname="test.Testcase1"/>
  <system-out/>
</testsuite> <!-- test.Testcase1 -->
